Release 14.7 - xst P.20131013 (nt64)
Copyright (c) 1995-2013 Xilinx, Inc.  All rights reserved.
--> Parameter TMPDIR set to xst/projnav.tmp


Total REAL time to Xst completion: 0.00 secs
Total CPU time to Xst completion: 0.10 secs
 
--> Parameter xsthdpdir set to xst


Total REAL time to Xst completion: 0.00 secs
Total CPU time to Xst completion: 0.10 secs
 
--> Reading design: ControlUnit.prj

TABLE OF CONTENTS
  1) Synthesis Options Summary
  2) HDL Compilation
  3) Design Hierarchy Analysis
  4) HDL Analysis
  5) HDL Synthesis
     5.1) HDL Synthesis Report
  6) Advanced HDL Synthesis
     6.1) Advanced HDL Synthesis Report
  7) Low Level Synthesis
  8) Partition Report
  9) Final Report
	9.1) Device utilization summary
	9.2) Partition Resource Summary
	9.3) TIMING REPORT


=========================================================================
*                      Synthesis Options Summary                        *
=========================================================================
---- Source Parameters
Input File Name                    : "ControlUnit.prj"
Input Format                       : mixed
Ignore Synthesis Constraint File   : NO

---- Target Parameters
Output File Name                   : "ControlUnit"
Output Format                      : NGC
Target Device                      : xc3s500e-4-fg320

---- Source Options
Top Module Name                    : ControlUnit
Automatic FSM Extraction           : YES
FSM Encoding Algorithm             : Auto
Safe Implementation                : No
FSM Style                          : LUT
RAM Extraction                     : Yes
RAM Style                          : Auto
ROM Extraction                     : Yes
Mux Style                          : Auto
Decoder Extraction                 : YES
Priority Encoder Extraction        : Yes
Shift Register Extraction          : YES
Logical Shifter Extraction         : YES
XOR Collapsing                     : YES
ROM Style                          : Auto
Mux Extraction                     : Yes
Resource Sharing                   : YES
Asynchronous To Synchronous        : NO
Multiplier Style                   : Auto
Automatic Register Balancing       : No

---- Target Options
Add IO Buffers                     : YES
Global Maximum Fanout              : 100000
Add Generic Clock Buffer(BUFG)     : 24
Register Duplication               : YES
Slice Packing                      : YES
Optimize Instantiated Primitives   : NO
Use Clock Enable                   : Yes
Use Synchronous Set                : Yes
Use Synchronous Reset              : Yes
Pack IO Registers into IOBs        : Auto
Equivalent register Removal        : YES

---- General Options
Optimization Goal                  : Speed
Optimization Effort                : 1
Keep Hierarchy                     : No
Netlist Hierarchy                  : As_Optimized
RTL Output                         : Yes
Global Optimization                : AllClockNets
Read Cores                         : YES
Write Timing Constraints           : NO
Cross Clock Analysis               : NO
Hierarchy Separator                : /
Bus Delimiter                      : <>
Case Specifier                     : Maintain
Slice Utilization Ratio            : 100
BRAM Utilization Ratio             : 100
Verilog 2001                       : YES
Auto BRAM Packing                  : NO
Slice Utilization Ratio Delta      : 5

---- Other Options
Cores Search Directories           : {"ipcore_dir"  }

=========================================================================


=========================================================================
*                          HDL Compilation                              *
=========================================================================
Compiling vhdl file "C:/Users/dbake/Desktop/sandbox/ProjectLab1/ProgramCounter.vhd" in Library work.
Architecture behavioral of Entity programcounter is up to date.
Compiling vhdl file "C:/Users/dbake/Desktop/sandbox/UMDRISC16/FetchUnit.vhd" in Library work.
Architecture behavioral of Entity fetchunit is up to date.
Compiling vhdl file "C:/Users/dbake/Desktop/sandbox/UMDRISC16/Decode.vhd" in Library work.
Architecture behavior of Entity decode is up to date.
Compiling vhdl file "C:/Users/dbake/Desktop/sandbox/UMDRISC16/OaUnit.vhd" in Library work.
Architecture behavioral of Entity oaunit is up to date.
Compiling vhdl file "C:/Users/dbake/Desktop/sandbox/UMDRISC16/WB_Unit.vhd" in Library work.
Architecture behavior of Entity wb_unit is up to date.
Compiling vhdl file "C:/Users/dbake/Desktop/sandbox/UMDRISC16/ControlUnit.vhd" in Library work.
Architecture structural of Entity controlunit is up to date.

=========================================================================
*                     Design Hierarchy Analysis                         *
=========================================================================
Analyzing hierarchy for entity <ControlUnit> in library <work> (architecture <structural>).

Analyzing hierarchy for entity <ProgramCounter> in library <work> (architecture <Behavioral>).

Analyzing hierarchy for entity <FetchUnit> in library <work> (architecture <Behavioral>).

Analyzing hierarchy for entity <Decode> in library <work> (architecture <Behavior>).

Analyzing hierarchy for entity <OaUnit> in library <work> (architecture <Behavioral>).

Analyzing hierarchy for entity <WB_Unit> in library <work> (architecture <Behavior>).


=========================================================================
*                            HDL Analysis                               *
=========================================================================
Analyzing Entity <ControlUnit> in library <work> (Architecture <structural>).
Entity <ControlUnit> analyzed. Unit <ControlUnit> generated.

Analyzing Entity <ProgramCounter> in library <work> (Architecture <Behavioral>).
WARNING:Xst:819 - "C:/Users/dbake/Desktop/sandbox/ProjectLab1/ProgramCounter.vhd" line 34: One or more signals are missing in the process sensitivity list. To enable synthesis of FPGA/CPLD hardware, XST will assume that all necessary signals are present in the sensitivity list. Please note that the result of the synthesis may differ from the initial design specification. The missing signals are:
   <Address>
Entity <ProgramCounter> analyzed. Unit <ProgramCounter> generated.

Analyzing Entity <FetchUnit> in library <work> (Architecture <Behavioral>).
Entity <FetchUnit> analyzed. Unit <FetchUnit> generated.

Analyzing Entity <Decode> in library <work> (Architecture <Behavior>).
Entity <Decode> analyzed. Unit <Decode> generated.

Analyzing Entity <OaUnit> in library <work> (Architecture <Behavioral>).
INFO:Xst:2679 - Register <VALUE_A> in unit <OaUnit> has a constant value of 0000000000000000 during circuit operation. The register is replaced by logic.
Entity <OaUnit> analyzed. Unit <OaUnit> generated.

Analyzing Entity <WB_Unit> in library <work> (Architecture <Behavior>).
INFO:Xst:2679 - Register <BANK_WE> in unit <WB_Unit> has a constant value of 1 during circuit operation. The register is replaced by logic.
Entity <WB_Unit> analyzed. Unit <WB_Unit> generated.


=========================================================================
*                           HDL Synthesis                               *
=========================================================================

Performing bidirectional port resolution...

Synthesizing Unit <ProgramCounter>.
    Related source file is "C:/Users/dbake/Desktop/sandbox/ProjectLab1/ProgramCounter.vhd".
    Found 9-bit register for signal <Address>.
    Found 9-bit adder for signal <Address$addsub0000>.
    Found 9-bit comparator greatequal for signal <Address$cmp_ge0000> created at line 37.
    Summary:
	inferred   9 D-type flip-flop(s).
	inferred   1 Adder/Subtractor(s).
	inferred   1 Comparator(s).
Unit <ProgramCounter> synthesized.


Synthesizing Unit <FetchUnit>.
    Related source file is "C:/Users/dbake/Desktop/sandbox/UMDRISC16/FetchUnit.vhd".
WARNING:Xst:1780 - Signal <OUTADDRESS> is never used or assigned. This unconnected signal will be trimmed during the optimization process.
    Found 9-bit register for signal <OUT_ADDR>.
    Found 16-bit register for signal <INSTR>.
    Summary:
	inferred  25 D-type flip-flop(s).
Unit <FetchUnit> synthesized.


Synthesizing Unit <Decode>.
    Related source file is "C:/Users/dbake/Desktop/sandbox/UMDRISC16/Decode.vhd".
    Register <SR> equivalent to <RA> has been removed
    Register <SR_OUT> equivalent to <RA_OUT> has been removed
    Found 3-bit register for signal <ITYPE_OUT>.
    Found 8-bit register for signal <IMM_OUT>.
    Found 4-bit register for signal <OP_OUT>.
    Found 4-bit register for signal <RA_OUT>.
    Found 9-bit register for signal <ADDR_OUT>.
    Found 4-bit register for signal <RB_OUT>.
    Found 9-bit register for signal <ADR>.
    Found 8-bit register for signal <IMM>.
    Found 4-bit comparator lessequal for signal <ITYPE_OUT$cmp_le0000> created at line 59.
    Found 4-bit comparator lessequal for signal <ITYPE_OUT$cmp_le0001> created at line 60.
    Found 4-bit register for signal <OP>.
    Found 4-bit register for signal <RA>.
    Found 4-bit register for signal <RB>.
    Summary:
	inferred  61 D-type flip-flop(s).
	inferred   2 Comparator(s).
Unit <Decode> synthesized.


Synthesizing Unit <OaUnit>.
    Related source file is "C:/Users/dbake/Desktop/sandbox/UMDRISC16/OaUnit.vhd".
WARNING:Xst:646 - Signal <SR_OA> is assigned but never used. This unconnected signal will be trimmed during the optimization process.
WARNING:Xst:646 - Signal <IMM_OA> is assigned but never used. This unconnected signal will be trimmed during the optimization process.
WARNING:Xst:646 - Signal <ADDR_OA> is assigned but never used. This unconnected signal will be trimmed during the optimization process.
    Found 4-bit register for signal <OP_OUT>.
    Found 4-bit register for signal <RA_ADDR>.
    Found 16-bit register for signal <VALUE_B>.
    Found 2-bit register for signal <MUXSEL>.
    Found 4-bit register for signal <RB_ADDR>.
    Found 3-bit register for signal <ITYPE_OA>.
    Found 4-bit register for signal <OP_OA>.
    Found 4-bit register for signal <RA_OA>.
    Found 4-bit register for signal <RB_OA>.
    Summary:
	inferred  45 D-type flip-flop(s).
Unit <OaUnit> synthesized.


Synthesizing Unit <WB_Unit>.
    Related source file is "C:/Users/dbake/Desktop/sandbox/UMDRISC16/WB_Unit.vhd".
WARNING:Xst:647 - Input <CCR_IN> is never used. This port will be preserved and left unconnected if it belongs to a top-level block or it belongs to a sub-block and the hierarchy of this sub-block is preserved.
WARNING:Xst:647 - Input <LDST_IN> is never used. This port will be preserved and left unconnected if it belongs to a top-level block or it belongs to a sub-block and the hierarchy of this sub-block is preserved.
WARNING:Xst:1780 - Signal <SR> is never used or assigned. This unconnected signal will be trimmed during the optimization process.
WARNING:Xst:1780 - Signal <RB> is never used or assigned. This unconnected signal will be trimmed during the optimization process.
WARNING:Xst:1780 - Signal <RA> is never used or assigned. This unconnected signal will be trimmed during the optimization process.
WARNING:Xst:1780 - Signal <OP> is never used or assigned. This unconnected signal will be trimmed during the optimization process.
WARNING:Xst:1780 - Signal <IMM> is never used or assigned. This unconnected signal will be trimmed during the optimization process.
WARNING:Xst:1780 - Signal <ADR> is never used or assigned. This unconnected signal will be trimmed during the optimization process.
    Found 4-bit register for signal <BANK_ADDR>.
    Found 16-bit register for signal <BANK_VAL>.
    Summary:
	inferred  20 D-type flip-flop(s).
Unit <WB_Unit> synthesized.


Synthesizing Unit <ControlUnit>.
    Related source file is "C:/Users/dbake/Desktop/sandbox/UMDRISC16/ControlUnit.vhd".
WARNING:Xst:1780 - Signal <REGBANKHOLDER> is never used or assigned. This unconnected signal will be trimmed during the optimization process.
WARNING:Xst:1780 - Signal <PC_RST> is never used or assigned. This unconnected signal will be trimmed during the optimization process.
WARNING:Xst:653 - Signal <PC_JUMP_ADDR> is used but never assigned. This sourceless signal will be automatically connected to value 000000000.
WARNING:Xst:653 - Signal <PC_JMP_FLG> is used but never assigned. This sourceless signal will be automatically connected to value 0.
WARNING:Xst:653 - Signal <PC_BR_FLG> is used but never assigned. This sourceless signal will be automatically connected to value 0.
WARNING:Xst:653 - Signal <PC_BR_AMT> is used but never assigned. This sourceless signal will be automatically connected to value 000000000.
Unit <ControlUnit> synthesized.

INFO:Xst:1767 - HDL ADVISOR - Resource sharing has identified that some arithmetic operations in this design can share the same physical resources for reduced device utilization. For improved clock frequency you may try to disable resource sharing.

=========================================================================
HDL Synthesis Report

Macro Statistics
# Adders/Subtractors                                   : 1
 9-bit adder                                           : 1
# Registers                                            : 25
 16-bit register                                       : 3
 2-bit register                                        : 1
 3-bit register                                        : 2
 4-bit register                                        : 13
 8-bit register                                        : 2
 9-bit register                                        : 4
# Comparators                                          : 3
 4-bit comparator lessequal                            : 2
 9-bit comparator greatequal                           : 1

=========================================================================

=========================================================================
*                       Advanced HDL Synthesis                          *
=========================================================================

INFO:Xst:2261 - The FF/Latch <RB_0> in Unit <Decode_Unit> is equivalent to the following FF/Latch, which will be removed : <IMM_4> 
INFO:Xst:2261 - The FF/Latch <RB_1> in Unit <Decode_Unit> is equivalent to the following FF/Latch, which will be removed : <IMM_5> 
INFO:Xst:2261 - The FF/Latch <RB_2> in Unit <Decode_Unit> is equivalent to the following FF/Latch, which will be removed : <IMM_6> 
INFO:Xst:2261 - The FF/Latch <RB_3> in Unit <Decode_Unit> is equivalent to the following FF/Latch, which will be removed : <IMM_7> 
INFO:Xst:2261 - The FF/Latch <ITYPE_OUT_1> in Unit <Decode_Unit> is equivalent to the following FF/Latch, which will be removed : <ITYPE_OUT_2> 
WARNING:Xst:1710 - FF/Latch <ITYPE_OUT_1> (without init value) has a constant value of 0 in block <Decode_Unit>. This FF/Latch will be trimmed during the optimization process.
WARNING:Xst:1710 - FF/Latch <VALUE_B_8> (without init value) has a constant value of 0 in block <OA_Unit>. This FF/Latch will be trimmed during the optimization process.
WARNING:Xst:1710 - FF/Latch <VALUE_B_9> (without init value) has a constant value of 0 in block <OA_Unit>. This FF/Latch will be trimmed during the optimization process.
WARNING:Xst:1710 - FF/Latch <VALUE_B_10> (without init value) has a constant value of 0 in block <OA_Unit>. This FF/Latch will be trimmed during the optimization process.
WARNING:Xst:1710 - FF/Latch <VALUE_B_11> (without init value) has a constant value of 0 in block <OA_Unit>. This FF/Latch will be trimmed during the optimization process.
WARNING:Xst:1710 - FF/Latch <VALUE_B_12> (without init value) has a constant value of 0 in block <OA_Unit>. This FF/Latch will be trimmed during the optimization process.
WARNING:Xst:1710 - FF/Latch <VALUE_B_13> (without init value) has a constant value of 0 in block <OA_Unit>. This FF/Latch will be trimmed during the optimization process.
WARNING:Xst:1710 - FF/Latch <VALUE_B_14> (without init value) has a constant value of 0 in block <OA_Unit>. This FF/Latch will be trimmed during the optimization process.
WARNING:Xst:1710 - FF/Latch <VALUE_B_15> (without init value) has a constant value of 0 in block <OA_Unit>. This FF/Latch will be trimmed during the optimization process.
WARNING:Xst:1710 - FF/Latch <ITYPE_OA_1> (without init value) has a constant value of 0 in block <OA_Unit>. This FF/Latch will be trimmed during the optimization process.
WARNING:Xst:1710 - FF/Latch <ITYPE_OA_2> (without init value) has a constant value of 0 in block <OA_Unit>. This FF/Latch will be trimmed during the optimization process.
WARNING:Xst:1710 - FF/Latch <MUXSEL_1> (without init value) has a constant value of 1 in block <OA_Unit>. This FF/Latch will be trimmed during the optimization process.
WARNING:Xst:2404 -  FFs/Latches <ITYPE_OUT<2:1>> (without init value) have a constant value of 0 in block <Decode>.

Synthesizing (advanced) Unit <ProgramCounter>.
The following registers are absorbed into accumulator <Address>: 1 register on signal <Address>.
Unit <ProgramCounter> synthesized (advanced).

=========================================================================
Advanced HDL Synthesis Report

Macro Statistics
# Accumulators                                         : 1
 9-bit up loadable accumulator                         : 1
# Registers                                            : 149
 Flip-Flops                                            : 149
# Comparators                                          : 3
 4-bit comparator lessequal                            : 2
 9-bit comparator greatequal                           : 1

=========================================================================

=========================================================================
*                         Low Level Synthesis                           *
=========================================================================
WARNING:Xst:1710 - FF/Latch <VALUE_B_8> (without init value) has a constant value of 0 in block <OaUnit>. This FF/Latch will be trimmed during the optimization process.
WARNING:Xst:1895 - Due to other FF/Latch trimming, FF/Latch <VALUE_B_9> (without init value) has a constant value of 0 in block <OaUnit>. This FF/Latch will be trimmed during the optimization process.
WARNING:Xst:1895 - Due to other FF/Latch trimming, FF/Latch <VALUE_B_10> (without init value) has a constant value of 0 in block <OaUnit>. This FF/Latch will be trimmed during the optimization process.
WARNING:Xst:1895 - Due to other FF/Latch trimming, FF/Latch <VALUE_B_11> (without init value) has a constant value of 0 in block <OaUnit>. This FF/Latch will be trimmed during the optimization process.
WARNING:Xst:1895 - Due to other FF/Latch trimming, FF/Latch <VALUE_B_12> (without init value) has a constant value of 0 in block <OaUnit>. This FF/Latch will be trimmed during the optimization process.
WARNING:Xst:1895 - Due to other FF/Latch trimming, FF/Latch <VALUE_B_13> (without init value) has a constant value of 0 in block <OaUnit>. This FF/Latch will be trimmed during the optimization process.
WARNING:Xst:1895 - Due to other FF/Latch trimming, FF/Latch <VALUE_B_14> (without init value) has a constant value of 0 in block <OaUnit>. This FF/Latch will be trimmed during the optimization process.
WARNING:Xst:1895 - Due to other FF/Latch trimming, FF/Latch <VALUE_B_15> (without init value) has a constant value of 0 in block <OaUnit>. This FF/Latch will be trimmed during the optimization process.
INFO:Xst:2261 - The FF/Latch <RB_0> in Unit <Decode> is equivalent to the following FF/Latch, which will be removed : <IMM_4> 
INFO:Xst:2261 - The FF/Latch <RB_1> in Unit <Decode> is equivalent to the following FF/Latch, which will be removed : <IMM_5> 
INFO:Xst:2261 - The FF/Latch <RB_2> in Unit <Decode> is equivalent to the following FF/Latch, which will be removed : <IMM_6> 
INFO:Xst:2261 - The FF/Latch <RB_3> in Unit <Decode> is equivalent to the following FF/Latch, which will be removed : <IMM_7> 
INFO:Xst:2261 - The FF/Latch <IMM_OUT_4> in Unit <Decode> is equivalent to the following FF/Latch, which will be removed : <RB_OUT_0> 
INFO:Xst:2261 - The FF/Latch <IMM_OUT_5> in Unit <Decode> is equivalent to the following FF/Latch, which will be removed : <RB_OUT_1> 
INFO:Xst:2261 - The FF/Latch <IMM_OUT_6> in Unit <Decode> is equivalent to the following FF/Latch, which will be removed : <RB_OUT_2> 
INFO:Xst:2261 - The FF/Latch <IMM_OUT_7> in Unit <Decode> is equivalent to the following FF/Latch, which will be removed : <RB_OUT_3> 

Optimizing unit <ControlUnit> ...

Optimizing unit <ProgramCounter> ...

Optimizing unit <FetchUnit> ...

Optimizing unit <Decode> ...

Optimizing unit <OaUnit> ...

Optimizing unit <WB_Unit> ...
WARNING:Xst:1710 - FF/Latch <OA_Unit/MUXSEL_1> (without init value) has a constant value of 1 in block <ControlUnit>. This FF/Latch will be trimmed during the optimization process.
WARNING:Xst:1895 - Due to other FF/Latch trimming, FF/Latch <OA_Unit/ITYPE_OA_2> (without init value) has a constant value of 0 in block <ControlUnit>. This FF/Latch will be trimmed during the optimization process.
WARNING:Xst:1895 - Due to other FF/Latch trimming, FF/Latch <OA_Unit/ITYPE_OA_1> (without init value) has a constant value of 0 in block <ControlUnit>. This FF/Latch will be trimmed during the optimization process.
WARNING:Xst:2677 - Node <Fetch_Unit/OUT_ADDR_8> of sequential type is unconnected in block <ControlUnit>.
WARNING:Xst:2677 - Node <Fetch_Unit/OUT_ADDR_7> of sequential type is unconnected in block <ControlUnit>.
WARNING:Xst:2677 - Node <Fetch_Unit/OUT_ADDR_6> of sequential type is unconnected in block <ControlUnit>.
WARNING:Xst:2677 - Node <Fetch_Unit/OUT_ADDR_5> of sequential type is unconnected in block <ControlUnit>.
WARNING:Xst:2677 - Node <Fetch_Unit/OUT_ADDR_4> of sequential type is unconnected in block <ControlUnit>.
WARNING:Xst:2677 - Node <Fetch_Unit/OUT_ADDR_3> of sequential type is unconnected in block <ControlUnit>.
WARNING:Xst:2677 - Node <Fetch_Unit/OUT_ADDR_2> of sequential type is unconnected in block <ControlUnit>.
WARNING:Xst:2677 - Node <Fetch_Unit/OUT_ADDR_1> of sequential type is unconnected in block <ControlUnit>.
WARNING:Xst:2677 - Node <Fetch_Unit/OUT_ADDR_0> of sequential type is unconnected in block <ControlUnit>.
WARNING:Xst:2677 - Node <Decode_Unit/ADDR_OUT_8> of sequential type is unconnected in block <ControlUnit>.
WARNING:Xst:2677 - Node <Decode_Unit/ADDR_OUT_7> of sequential type is unconnected in block <ControlUnit>.
WARNING:Xst:2677 - Node <Decode_Unit/ADDR_OUT_6> of sequential type is unconnected in block <ControlUnit>.
WARNING:Xst:2677 - Node <Decode_Unit/ADDR_OUT_5> of sequential type is unconnected in block <ControlUnit>.
WARNING:Xst:2677 - Node <Decode_Unit/ADDR_OUT_4> of sequential type is unconnected in block <ControlUnit>.
WARNING:Xst:2677 - Node <Decode_Unit/ADDR_OUT_3> of sequential type is unconnected in block <ControlUnit>.
WARNING:Xst:2677 - Node <Decode_Unit/ADDR_OUT_2> of sequential type is unconnected in block <ControlUnit>.
WARNING:Xst:2677 - Node <Decode_Unit/ADDR_OUT_1> of sequential type is unconnected in block <ControlUnit>.
WARNING:Xst:2677 - Node <Decode_Unit/ADDR_OUT_0> of sequential type is unconnected in block <ControlUnit>.
WARNING:Xst:2677 - Node <Decode_Unit/ADR_8> of sequential type is unconnected in block <ControlUnit>.
WARNING:Xst:2677 - Node <Decode_Unit/ADR_7> of sequential type is unconnected in block <ControlUnit>.
WARNING:Xst:2677 - Node <Decode_Unit/ADR_6> of sequential type is unconnected in block <ControlUnit>.
WARNING:Xst:2677 - Node <Decode_Unit/ADR_5> of sequential type is unconnected in block <ControlUnit>.
WARNING:Xst:2677 - Node <Decode_Unit/ADR_4> of sequential type is unconnected in block <ControlUnit>.
WARNING:Xst:2677 - Node <Decode_Unit/ADR_3> of sequential type is unconnected in block <ControlUnit>.
WARNING:Xst:2677 - Node <Decode_Unit/ADR_2> of sequential type is unconnected in block <ControlUnit>.
WARNING:Xst:2677 - Node <Decode_Unit/ADR_1> of sequential type is unconnected in block <ControlUnit>.
WARNING:Xst:2677 - Node <Decode_Unit/ADR_0> of sequential type is unconnected in block <ControlUnit>.

Mapping all equations...
Building and optimizing final netlist ...
Found area constraint ratio of 100 (+ 5) on block ControlUnit, actual ratio is 1.

Final Macro Processing ...

=========================================================================
Final Register Report

Macro Statistics
# Registers                                            : 112
 Flip-Flops                                            : 112

=========================================================================

=========================================================================
*                           Partition Report                            *
=========================================================================

Partition Implementation Status
-------------------------------

  No Partitions were found in this design.

-------------------------------

=========================================================================
*                            Final Report                               *
=========================================================================
Final Results
RTL Top Level Output File Name     : ControlUnit.ngr
Top Level Output File Name         : ControlUnit
Output Format                      : NGC
Optimization Goal                  : Speed
Keep Hierarchy                     : No

Design Statistics
# IOs                              : 134

Cell Usage :
# BELS                             : 35
#      GND                         : 1
#      INV                         : 3
#      LUT1                        : 8
#      LUT3                        : 1
#      LUT4                        : 3
#      MUXCY                       : 8
#      MUXF5                       : 1
#      VCC                         : 1
#      XORCY                       : 9
# FlipFlops/Latches                : 112
#      FD                          : 49
#      FD_1                        : 24
#      FDC                         : 9
#      FDC_1                       : 16
#      FDE_1                       : 12
#      FDR_1                       : 1
#      FDRE_1                      : 1
# Clock Buffers                    : 1
#      BUFGP                       : 1
# IO Buffers                       : 113
#      IBUF                        : 37
#      OBUF                        : 76
=========================================================================

Device utilization summary:
---------------------------

Selected Device : 3s500efg320-4 

 Number of Slices:                       54  out of   4656     1%  
 Number of Slice Flip Flops:             92  out of   9312     0%  
 Number of 4 input LUTs:                 15  out of   9312     0%  
 Number of IOs:                         134
 Number of bonded IOBs:                 114  out of    232    49%  
    IOB Flip Flops:                      20
 Number of GCLKs:                         1  out of     24     4%  

---------------------------
Partition Resource Summary:
---------------------------

  No Partitions were found in this design.

---------------------------


=========================================================================
TIMING REPORT

NOTE: THESE TIMING NUMBERS ARE ONLY A SYNTHESIS ESTIMATE.
      FOR ACCURATE TIMING INFORMATION PLEASE REFER TO THE TRACE REPORT
      GENERATED AFTER PLACE-and-ROUTE.

Clock Information:
------------------
-----------------------------------+------------------------+-------+
Clock Signal                       | Clock buffer(FF name)  | Load  |
-----------------------------------+------------------------+-------+
CLK                                | BUFGP                  | 112   |
-----------------------------------+------------------------+-------+

Asynchronous Control Signals Information:
----------------------------------------
------------------------------------------------------------------+--------------------------------+-------+
Control Signal                                                    | Buffer(FF name)                | Load  |
------------------------------------------------------------------+--------------------------------+-------+
RST                                                               | IBUF                           | 16    |
Program_Counter/Address_or0000(Program_Counter/Address_or000022:O)| NONE(Program_Counter/Address_0)| 9     |
------------------------------------------------------------------+--------------------------------+-------+

Timing Summary:
---------------
Speed Grade: -4

   Minimum period: 6.638ns (Maximum Frequency: 150.648MHz)
   Minimum input arrival time before clock: 1.946ns
   Maximum output required time after clock: 4.394ns
   Maximum combinational path delay: No path found

Timing Detail:
--------------
All values displayed in nanoseconds (ns)

=========================================================================
Timing constraint: Default period analysis for Clock 'CLK'
  Clock period: 6.638ns (frequency: 150.648MHz)
  Total number of paths / destination ports: 128 / 89
-------------------------------------------------------------------------
Delay:               3.319ns (Levels of Logic = 1)
  Source:            OA_Unit/ITYPE_OA_0 (FF)
  Destination:       OA_Unit/RB_ADDR_3 (FF)
  Source Clock:      CLK rising
  Destination Clock: CLK falling

  Data Path: OA_Unit/ITYPE_OA_0 to OA_Unit/RB_ADDR_3
                                Gate     Net
    Cell:in->out      fanout   Delay   Delay  Logical Name (Net Name)
    ----------------------------------------  ------------
     FD:C->Q              10   0.591   0.882  OA_Unit/ITYPE_OA_0 (OA_Unit/ITYPE_OA_0)
     INV:I->O              4   0.704   0.587  OA_Unit/MUXSEL_mux0000<1>21_INV_0 (OA_Unit/RB_ADDR_not0001_inv)
     FDE_1:CE                  0.555          OA_Unit/RB_ADDR_0
    ----------------------------------------
    Total                      3.319ns (1.850ns logic, 1.469ns route)
                                       (55.7% logic, 44.3% route)

=========================================================================
Timing constraint: Default OFFSET IN BEFORE for Clock 'CLK'
  Total number of paths / destination ports: 36 / 36
-------------------------------------------------------------------------
Offset:              1.946ns (Levels of Logic = 1)
  Source:            FETCH_DATA<15> (PAD)
  Destination:       Fetch_Unit/INSTR_15 (FF)
  Destination Clock: CLK falling

  Data Path: FETCH_DATA<15> to Fetch_Unit/INSTR_15
                                Gate     Net
    Cell:in->out      fanout   Delay   Delay  Logical Name (Net Name)
    ----------------------------------------  ------------
     IBUF:I->O             1   1.218   0.420  FETCH_DATA_15_IBUF (FETCH_DATA_15_IBUF)
     FDC_1:D                   0.308          Fetch_Unit/INSTR_15
    ----------------------------------------
    Total                      1.946ns (1.526ns logic, 0.420ns route)
                                       (78.4% logic, 21.6% route)

=========================================================================
Timing constraint: Default OFFSET OUT AFTER for Clock 'CLK'
  Total number of paths / destination ports: 50 / 50
-------------------------------------------------------------------------
Offset:              4.394ns (Levels of Logic = 1)
  Source:            Program_Counter/Address_8 (FF)
  Destination:       PROGRAM_ADDR<8> (PAD)
  Source Clock:      CLK rising

  Data Path: Program_Counter/Address_8 to PROGRAM_ADDR<8>
                                Gate     Net
    Cell:in->out      fanout   Delay   Delay  Logical Name (Net Name)
    ----------------------------------------  ------------
     FDC:C->Q              3   0.591   0.531  Program_Counter/Address_8 (Program_Counter/Address_8)
     OBUF:I->O                 3.272          PROGRAM_ADDR_8_OBUF (PROGRAM_ADDR<8>)
    ----------------------------------------
    Total                      4.394ns (3.863ns logic, 0.531ns route)
                                       (87.9% logic, 12.1% route)

=========================================================================


Total REAL time to Xst completion: 7.00 secs
Total CPU time to Xst completion: 6.32 secs
 
--> 

Total memory usage is 309996 kilobytes

Number of errors   :    0 (   0 filtered)
Number of warnings :   70 (   0 filtered)
Number of infos    :   16 (   0 filtered)

